[2026-02-19T03:25:55.549Z] ERROR: 
Invalid `prisma.user.create()` invocation:

{
  data: {
    name: "Alok",
    email: "infoblinksai@gmail.com",
    password: "$2a$10$lvbUyZqjhGuOzRx/Dni1FezhwAmCYQdD36W2rtP2ORfet2egAU6ka",
    role: "CLIENT",
    company: {
    ~~~~~~~
      connect: {
        id: "85b9cb29-7682-43d1-8a5f-df1817fe7713"
      }
    },
?   id?: String,
?   isActive?: Boolean,
?   createdAt?: DateTime,
?   assignmentsAsInspector?: AssignmentCreateNestedManyWithoutInspectionBoyInput,
?   assignmentsAsAssigner?: AssignmentCreateNestedManyWithoutAssignerInput,
?   inspections?: InspectionCreateNestedManyWithoutSubmitterInput
  }
}

Unknown argument `company`. Available options are marked with ?.
STACK: PrismaClientValidationError: 
Invalid `prisma.user.create()` invocation:

{
  data: {
    name: "Alok",
    email: "infoblinksai@gmail.com",
    password: "$2a$10$lvbUyZqjhGuOzRx/Dni1FezhwAmCYQdD36W2rtP2ORfet2egAU6ka",
    role: "CLIENT",
    company: {
    ~~~~~~~
      connect: {
        id: "85b9cb29-7682-43d1-8a5f-df1817fe7713"
      }
    },
?   id?: String,
?   isActive?: Boolean,
?   createdAt?: DateTime,
?   assignmentsAsInspector?: AssignmentCreateNestedManyWithoutInspectionBoyInput,
?   assignmentsAsAssigner?: AssignmentCreateNestedManyWithoutAssignerInput,
?   inspections?: InspectionCreateNestedManyWithoutSubmitterInput
  }
}

Unknown argument `company`. Available options are marked with ?.
    at wn (/Users/alokkumar/Desktop/grawssaps/cims/node_modules/@prisma/client/runtime/library.js:29:1363)
    at $n.handleRequestError (/Users/alokkumar/Desktop/grawssaps/cims/node_modules/@prisma/client/runtime/library.js:121:6958)
    at $n.handleAndLogRequestError (/Users/alokkumar/Desktop/grawssaps/cims/node_modules/@prisma/client/runtime/library.js:121:6623)
    at $n.request (/Users/alokkumar/Desktop/grawssaps/cims/node_modules/@prisma/client/runtime/library.js:121:6307)
    at async l (/Users/alokkumar/Desktop/grawssaps/cims/node_modules/@prisma/client/runtime/library.js:130:9633)
    at async POST (webpack-internal:///(rsc)/./app/api/admin/users/route.ts:95:22)
    at async /Users/alokkumar/Desktop/grawssaps/cims/node_modules/next/dist/compiled/next-server/app-route.runtime.dev.js:6:53446
    at async e_.execute (/Users/alokkumar/Desktop/grawssaps/cims/node_modules/next/dist/compiled/next-server/app-route.runtime.dev.js:6:44747)
    at async e_.handle (/Users/alokkumar/Desktop/grawssaps/cims/node_modules/next/dist/compiled/next-server/app-route.runtime.dev.js:6:54700)
    at async doRender (/Users/alokkumar/Desktop/grawssaps/cims/node_modules/next/dist/server/base-server.js:1377:42)
    at async cacheEntry.responseCache.get.routeKind (/Users/alokkumar/Desktop/grawssaps/cims/node_modules/next/dist/server/base-server.js:1599:28)
    at async DevServer.renderToResponseWithComponentsImpl (/Users/alokkumar/Desktop/grawssaps/cims/node_modules/next/dist/server/base-server.js:1507:28)
    at async DevServer.renderPageComponent (/Users/alokkumar/Desktop/grawssaps/cims/node_modules/next/dist/server/base-server.js:1924:24)
    at async DevServer.renderToResponseImpl (/Users/alokkumar/Desktop/grawssaps/cims/node_modules/next/dist/server/base-server.js:1962:32)
    at async DevServer.pipeImpl (/Users/alokkumar/Desktop/grawssaps/cims/node_modules/next/dist/server/base-server.js:920:25)
    at async NextNodeServer.handleCatchallRenderRequest (/Users/alokkumar/Desktop/grawssaps/cims/node_modules/next/dist/server/next-server.js:272:17)
    at async DevServer.handleRequestImpl (/Users/alokkumar/Desktop/grawssaps/cims/node_modules/next/dist/server/base-server.js:816:17)
    at async /Users/alokkumar/Desktop/grawssaps/cims/node_modules/next/dist/server/dev/next-dev-server.js:339:20
    at async Span.traceAsyncFn (/Users/alokkumar/Desktop/grawssaps/cims/node_modules/next/dist/trace/trace.js:154:20)
    at async DevServer.handleRequest (/Users/alokkumar/Desktop/grawssaps/cims/node_modules/next/dist/server/dev/next-dev-server.js:336:24)
    at async invokeRender (/Users/alokkumar/Desktop/grawssaps/cims/node_modules/next/dist/server/lib/router-server.js:174:21)
    at async handleRequest (/Users/alokkumar/Desktop/grawssaps/cims/node_modules/next/dist/server/lib/router-server.js:353:24)
    at async requestHandlerImpl (/Users/alokkumar/Desktop/grawssaps/cims/node_modules/next/dist/server/lib/router-server.js:377:13)
    at async Server.requestListener (/Users/alokkumar/Desktop/grawssaps/cims/node_modules/next/dist/server/lib/start-server.js:141:13)
BODY: {}

[2026-02-19T03:26:08.139Z] ERROR: 
Invalid `prisma.user.create()` invocation:

{
  data: {
    name: "Alok",
    email: "infoblinksai@gmail.com",
    password: "$2a$10$Ojlk7q0xfsWmGHrWD0tjuePw7PjLquwznC9mbuFIJ1yRMVtcv3Zba",
    role: "CLIENT",
    company: {
    ~~~~~~~
      connect: {
        id: "85b9cb29-7682-43d1-8a5f-df1817fe7713"
      }
    },
?   id?: String,
?   isActive?: Boolean,
?   createdAt?: DateTime,
?   assignmentsAsInspector?: AssignmentCreateNestedManyWithoutInspectionBoyInput,
?   assignmentsAsAssigner?: AssignmentCreateNestedManyWithoutAssignerInput,
?   inspections?: InspectionCreateNestedManyWithoutSubmitterInput
  }
}

Unknown argument `company`. Available options are marked with ?.
STACK: PrismaClientValidationError: 
Invalid `prisma.user.create()` invocation:

{
  data: {
    name: "Alok",
    email: "infoblinksai@gmail.com",
    password: "$2a$10$Ojlk7q0xfsWmGHrWD0tjuePw7PjLquwznC9mbuFIJ1yRMVtcv3Zba",
    role: "CLIENT",
    company: {
    ~~~~~~~
      connect: {
        id: "85b9cb29-7682-43d1-8a5f-df1817fe7713"
      }
    },
?   id?: String,
?   isActive?: Boolean,
?   createdAt?: DateTime,
?   assignmentsAsInspector?: AssignmentCreateNestedManyWithoutInspectionBoyInput,
?   assignmentsAsAssigner?: AssignmentCreateNestedManyWithoutAssignerInput,
?   inspections?: InspectionCreateNestedManyWithoutSubmitterInput
  }
}

Unknown argument `company`. Available options are marked with ?.
    at wn (/Users/alokkumar/Desktop/grawssaps/cims/node_modules/@prisma/client/runtime/library.js:29:1363)
    at $n.handleRequestError (/Users/alokkumar/Desktop/grawssaps/cims/node_modules/@prisma/client/runtime/library.js:121:6958)
    at $n.handleAndLogRequestError (/Users/alokkumar/Desktop/grawssaps/cims/node_modules/@prisma/client/runtime/library.js:121:6623)
    at $n.request (/Users/alokkumar/Desktop/grawssaps/cims/node_modules/@prisma/client/runtime/library.js:121:6307)
    at async l (/Users/alokkumar/Desktop/grawssaps/cims/node_modules/@prisma/client/runtime/library.js:130:9633)
    at async POST (webpack-internal:///(rsc)/./app/api/admin/users/route.ts:95:22)
    at async /Users/alokkumar/Desktop/grawssaps/cims/node_modules/next/dist/compiled/next-server/app-route.runtime.dev.js:6:53446
    at async e_.execute (/Users/alokkumar/Desktop/grawssaps/cims/node_modules/next/dist/compiled/next-server/app-route.runtime.dev.js:6:44747)
    at async e_.handle (/Users/alokkumar/Desktop/grawssaps/cims/node_modules/next/dist/compiled/next-server/app-route.runtime.dev.js:6:54700)
    at async doRender (/Users/alokkumar/Desktop/grawssaps/cims/node_modules/next/dist/server/base-server.js:1377:42)
    at async cacheEntry.responseCache.get.routeKind (/Users/alokkumar/Desktop/grawssaps/cims/node_modules/next/dist/server/base-server.js:1599:28)
    at async DevServer.renderToResponseWithComponentsImpl (/Users/alokkumar/Desktop/grawssaps/cims/node_modules/next/dist/server/base-server.js:1507:28)
    at async DevServer.renderPageComponent (/Users/alokkumar/Desktop/grawssaps/cims/node_modules/next/dist/server/base-server.js:1924:24)
    at async DevServer.renderToResponseImpl (/Users/alokkumar/Desktop/grawssaps/cims/node_modules/next/dist/server/base-server.js:1962:32)
    at async DevServer.pipeImpl (/Users/alokkumar/Desktop/grawssaps/cims/node_modules/next/dist/server/base-server.js:920:25)
    at async NextNodeServer.handleCatchallRenderRequest (/Users/alokkumar/Desktop/grawssaps/cims/node_modules/next/dist/server/next-server.js:272:17)
    at async DevServer.handleRequestImpl (/Users/alokkumar/Desktop/grawssaps/cims/node_modules/next/dist/server/base-server.js:816:17)
    at async /Users/alokkumar/Desktop/grawssaps/cims/node_modules/next/dist/server/dev/next-dev-server.js:339:20
    at async Span.traceAsyncFn (/Users/alokkumar/Desktop/grawssaps/cims/node_modules/next/dist/trace/trace.js:154:20)
    at async DevServer.handleRequest (/Users/alokkumar/Desktop/grawssaps/cims/node_modules/next/dist/server/dev/next-dev-server.js:336:24)
    at async invokeRender (/Users/alokkumar/Desktop/grawssaps/cims/node_modules/next/dist/server/lib/router-server.js:174:21)
    at async handleRequest (/Users/alokkumar/Desktop/grawssaps/cims/node_modules/next/dist/server/lib/router-server.js:353:24)
    at async requestHandlerImpl (/Users/alokkumar/Desktop/grawssaps/cims/node_modules/next/dist/server/lib/router-server.js:377:13)
    at async Server.requestListener (/Users/alokkumar/Desktop/grawssaps/cims/node_modules/next/dist/server/lib/start-server.js:141:13)
BODY: {}

